<?xml version="1.0" encoding="UTF-8"?>
<!-- Generated by org.testng.reporters.JUnitReportReporter -->
<testsuite hostname="Ajits-Air.fios-router.home" failures="0" tests="8" name="com.yourweb.webapp.TestCase1" time="0.006" errors="0" timestamp="26 Jan 2019 01:11:20 GMT" skipped="0">
  <testcase classname="com.yourweb.webapp.TestCase1" name="homePageTest" time="0.001"/>
  <testcase classname="com.yourweb.webapp.TestCase1" name="homePageTest" time="0.000"/>
  <testcase classname="com.yourweb.webapp.TestCase1" name="homePageTest" time="0.001"/>
  <testcase classname="com.yourweb.webapp.TestCase1" name="homePageTest" time="0.001"/>
  <testcase classname="com.yourweb.webapp.TestCase1" name="homePageTest" time="0.000"/>
  <testcase classname="com.yourweb.webapp.TestCase1" name="homePageTest" time="0.002"/>
  <testcase classname="com.yourweb.webapp.TestCase1" name="homePageTest1" time="0.000"/>
  <testcase classname="com.yourweb.webapp.TestCase1" name="homePageTest1" time="0.001"/>
</testsuite> <!-- com.yourweb.webapp.TestCase1 -->
